ARM GAS  C:\Users\KETEN_~1\AppData\Local\Temp\ccVjFPg5.s 			page 1


   1              		.cpu cortex-m4
   2              		.arch armv7e-m
   3              		.fpu fpv4-sp-d16
   4              		.eabi_attribute 27, 1
   5              		.eabi_attribute 28, 1
   6              		.eabi_attribute 20, 1
   7              		.eabi_attribute 21, 1
   8              		.eabi_attribute 23, 3
   9              		.eabi_attribute 24, 1
  10              		.eabi_attribute 25, 1
  11              		.eabi_attribute 26, 1
  12              		.eabi_attribute 30, 1
  13              		.eabi_attribute 34, 1
  14              		.eabi_attribute 18, 4
  15              		.file	"freertos.c"
  16              		.text
  17              	.Ltext0:
  18              		.cfi_sections	.debug_frame
  19              		.file 1 "Core/Src/freertos.c"
  20              		.section	.text.StartDefaultTask,"ax",%progbits
  21              		.align	1
  22              		.global	StartDefaultTask
  23              		.syntax unified
  24              		.thumb
  25              		.thumb_func
  27              	StartDefaultTask:
  28              	.LFB139:
   1:Core/Src/freertos.c **** /* USER CODE BEGIN Header */
   2:Core/Src/freertos.c **** /**
   3:Core/Src/freertos.c ****   ******************************************************************************
   4:Core/Src/freertos.c ****   * File Name          : freertos.c
   5:Core/Src/freertos.c ****   * Description        : Code for freertos applications
   6:Core/Src/freertos.c ****   ******************************************************************************
   7:Core/Src/freertos.c ****   * @attention
   8:Core/Src/freertos.c ****   *
   9:Core/Src/freertos.c ****   * Copyright (c) 2024 STMicroelectronics.
  10:Core/Src/freertos.c ****   * All rights reserved.
  11:Core/Src/freertos.c ****   *
  12:Core/Src/freertos.c ****   * This software is licensed under terms that can be found in the LICENSE file
  13:Core/Src/freertos.c ****   * in the root directory of this software component.
  14:Core/Src/freertos.c ****   * If no LICENSE file comes with this software, it is provided AS-IS.
  15:Core/Src/freertos.c ****   *
  16:Core/Src/freertos.c ****   ******************************************************************************
  17:Core/Src/freertos.c ****   */
  18:Core/Src/freertos.c **** /* USER CODE END Header */
  19:Core/Src/freertos.c **** 
  20:Core/Src/freertos.c **** /* Includes ------------------------------------------------------------------*/
  21:Core/Src/freertos.c **** #include "FreeRTOS.h"
  22:Core/Src/freertos.c **** #include "task.h"
  23:Core/Src/freertos.c **** #include "main.h"
  24:Core/Src/freertos.c **** #include "cmsis_os.h"
  25:Core/Src/freertos.c **** 
  26:Core/Src/freertos.c **** /* Private includes ----------------------------------------------------------*/
  27:Core/Src/freertos.c **** /* USER CODE BEGIN Includes */
  28:Core/Src/freertos.c **** 
  29:Core/Src/freertos.c **** /* USER CODE END Includes */
  30:Core/Src/freertos.c **** 
ARM GAS  C:\Users\KETEN_~1\AppData\Local\Temp\ccVjFPg5.s 			page 2


  31:Core/Src/freertos.c **** /* Private typedef -----------------------------------------------------------*/
  32:Core/Src/freertos.c **** /* USER CODE BEGIN PTD */
  33:Core/Src/freertos.c **** 
  34:Core/Src/freertos.c **** /* USER CODE END PTD */
  35:Core/Src/freertos.c **** 
  36:Core/Src/freertos.c **** /* Private define ------------------------------------------------------------*/
  37:Core/Src/freertos.c **** /* USER CODE BEGIN PD */
  38:Core/Src/freertos.c **** 
  39:Core/Src/freertos.c **** /* USER CODE END PD */
  40:Core/Src/freertos.c **** 
  41:Core/Src/freertos.c **** /* Private macro -------------------------------------------------------------*/
  42:Core/Src/freertos.c **** /* USER CODE BEGIN PM */
  43:Core/Src/freertos.c **** 
  44:Core/Src/freertos.c **** /* USER CODE END PM */
  45:Core/Src/freertos.c **** 
  46:Core/Src/freertos.c **** /* Private variables ---------------------------------------------------------*/
  47:Core/Src/freertos.c **** /* USER CODE BEGIN Variables */
  48:Core/Src/freertos.c **** 
  49:Core/Src/freertos.c **** /* USER CODE END Variables */
  50:Core/Src/freertos.c **** /* Definitions for defaultTask */
  51:Core/Src/freertos.c **** osThreadId_t defaultTaskHandle;
  52:Core/Src/freertos.c **** const osThreadAttr_t defaultTask_attributes = {
  53:Core/Src/freertos.c ****   .name = "defaultTask",
  54:Core/Src/freertos.c ****   .stack_size = 128 * 4,
  55:Core/Src/freertos.c ****   .priority = (osPriority_t) osPriorityNormal,
  56:Core/Src/freertos.c **** };
  57:Core/Src/freertos.c **** 
  58:Core/Src/freertos.c **** /* Private function prototypes -----------------------------------------------*/
  59:Core/Src/freertos.c **** /* USER CODE BEGIN FunctionPrototypes */
  60:Core/Src/freertos.c **** 
  61:Core/Src/freertos.c **** /* USER CODE END FunctionPrototypes */
  62:Core/Src/freertos.c **** 
  63:Core/Src/freertos.c **** void StartDefaultTask(void *argument);
  64:Core/Src/freertos.c **** 
  65:Core/Src/freertos.c **** 
  66:Core/Src/freertos.c **** void MX_FREERTOS_Init(void); /* (MISRA C 2004 rule 8.1) */
  67:Core/Src/freertos.c **** 
  68:Core/Src/freertos.c **** /**
  69:Core/Src/freertos.c ****   * @brief  FreeRTOS initialization
  70:Core/Src/freertos.c ****   * @param  None
  71:Core/Src/freertos.c ****   * @retval None
  72:Core/Src/freertos.c ****   */
  73:Core/Src/freertos.c **** void MX_FREERTOS_Init(void) {
  74:Core/Src/freertos.c ****   /* USER CODE BEGIN Init */
  75:Core/Src/freertos.c **** 
  76:Core/Src/freertos.c ****   /* USER CODE END Init */
  77:Core/Src/freertos.c **** 
  78:Core/Src/freertos.c ****   /* USER CODE BEGIN RTOS_MUTEX */
  79:Core/Src/freertos.c ****   /* add mutexes, ... */
  80:Core/Src/freertos.c ****   /* USER CODE END RTOS_MUTEX */
  81:Core/Src/freertos.c **** 
  82:Core/Src/freertos.c ****   /* USER CODE BEGIN RTOS_SEMAPHORES */
  83:Core/Src/freertos.c ****   /* add semaphores, ... */
  84:Core/Src/freertos.c ****   /* USER CODE END RTOS_SEMAPHORES */
  85:Core/Src/freertos.c **** 
  86:Core/Src/freertos.c ****   /* USER CODE BEGIN RTOS_TIMERS */
  87:Core/Src/freertos.c ****   /* start timers, add new ones, ... */
ARM GAS  C:\Users\KETEN_~1\AppData\Local\Temp\ccVjFPg5.s 			page 3


  88:Core/Src/freertos.c ****   /* USER CODE END RTOS_TIMERS */
  89:Core/Src/freertos.c **** 
  90:Core/Src/freertos.c ****   /* USER CODE BEGIN RTOS_QUEUES */
  91:Core/Src/freertos.c ****   /* add queues, ... */
  92:Core/Src/freertos.c ****   /* USER CODE END RTOS_QUEUES */
  93:Core/Src/freertos.c **** 
  94:Core/Src/freertos.c ****   /* Create the thread(s) */
  95:Core/Src/freertos.c ****   /* creation of defaultTask */
  96:Core/Src/freertos.c ****   defaultTaskHandle = osThreadNew(StartDefaultTask, NULL, &defaultTask_attributes);
  97:Core/Src/freertos.c **** 
  98:Core/Src/freertos.c ****   /* USER CODE BEGIN RTOS_THREADS */
  99:Core/Src/freertos.c ****   /* add threads, ... */
 100:Core/Src/freertos.c ****   /* USER CODE END RTOS_THREADS */
 101:Core/Src/freertos.c **** 
 102:Core/Src/freertos.c ****   /* USER CODE BEGIN RTOS_EVENTS */
 103:Core/Src/freertos.c ****   /* add events, ... */
 104:Core/Src/freertos.c ****   /* USER CODE END RTOS_EVENTS */
 105:Core/Src/freertos.c **** 
 106:Core/Src/freertos.c **** }
 107:Core/Src/freertos.c **** 
 108:Core/Src/freertos.c **** /* USER CODE BEGIN Header_StartDefaultTask */
 109:Core/Src/freertos.c **** /**
 110:Core/Src/freertos.c ****   * @brief  Function implementing the defaultTask thread.
 111:Core/Src/freertos.c ****   * @param  argument: Not used
 112:Core/Src/freertos.c ****   * @retval None
 113:Core/Src/freertos.c ****   */
 114:Core/Src/freertos.c **** /* USER CODE END Header_StartDefaultTask */
 115:Core/Src/freertos.c **** void StartDefaultTask(void *argument)
 116:Core/Src/freertos.c **** {
  29              		.loc 1 116 1 view -0
  30              		.cfi_startproc
  31              		@ Volatile: function does not return.
  32              		@ args = 0, pretend = 0, frame = 0
  33              		@ frame_needed = 0, uses_anonymous_args = 0
  34              	.LVL0:
  35              		.loc 1 116 1 is_stmt 0 view .LVU1
  36 0000 08B5     		push	{r3, lr}
  37              	.LCFI0:
  38              		.cfi_def_cfa_offset 8
  39              		.cfi_offset 3, -8
  40              		.cfi_offset 14, -4
  41              	.LVL1:
  42              	.L2:
 117:Core/Src/freertos.c ****   /* USER CODE BEGIN StartDefaultTask */
 118:Core/Src/freertos.c ****   /* Infinite loop */
 119:Core/Src/freertos.c ****   for(;;)
  43              		.loc 1 119 3 is_stmt 1 view .LVU2
 120:Core/Src/freertos.c ****   {
 121:Core/Src/freertos.c ****     // ‰∏ÄËà¨ÂèØ‰ª•Âú®Ëøô‰∏™‰ªªÂä°Á∫øÁ®ãÂÆåÊàê‰∏Ä‰∫õÊØîËæÉÈ¢ùÂ§ñÁöÑÂàùÂßãÂåñÂ∑•‰Ωú(‰ΩÜËøòÊòØÂª∫ËÆÆÂ
 122:Core/Src/freertos.c **** 
 123:Core/Src/freertos.c ****     osThreadTerminate(defaultTaskHandle); // ÈÅøÂÖçÁ©∫ÁΩÆÂíåÂàáÊç¢Âç†Áî®cpu
  44              		.loc 1 123 5 discriminator 1 view .LVU3
  45 0002 024B     		ldr	r3, .L4
  46 0004 1868     		ldr	r0, [r3]
  47 0006 FFF7FEFF 		bl	osThreadTerminate
  48              	.LVL2:
 119:Core/Src/freertos.c ****   {
ARM GAS  C:\Users\KETEN_~1\AppData\Local\Temp\ccVjFPg5.s 			page 4


  49              		.loc 1 119 3 view .LVU4
  50 000a FAE7     		b	.L2
  51              	.L5:
  52              		.align	2
  53              	.L4:
  54 000c 00000000 		.word	defaultTaskHandle
  55              		.cfi_endproc
  56              	.LFE139:
  58              		.section	.text.MX_FREERTOS_Init,"ax",%progbits
  59              		.align	1
  60              		.global	MX_FREERTOS_Init
  61              		.syntax unified
  62              		.thumb
  63              		.thumb_func
  65              	MX_FREERTOS_Init:
  66              	.LFB138:
  73:Core/Src/freertos.c ****   /* USER CODE BEGIN Init */
  67              		.loc 1 73 29 view -0
  68              		.cfi_startproc
  69              		@ args = 0, pretend = 0, frame = 0
  70              		@ frame_needed = 0, uses_anonymous_args = 0
  71 0000 08B5     		push	{r3, lr}
  72              	.LCFI1:
  73              		.cfi_def_cfa_offset 8
  74              		.cfi_offset 3, -8
  75              		.cfi_offset 14, -4
  96:Core/Src/freertos.c **** 
  76              		.loc 1 96 3 view .LVU6
  96:Core/Src/freertos.c **** 
  77              		.loc 1 96 23 is_stmt 0 view .LVU7
  78 0002 044A     		ldr	r2, .L8
  79 0004 0021     		movs	r1, #0
  80 0006 0448     		ldr	r0, .L8+4
  81 0008 FFF7FEFF 		bl	osThreadNew
  82              	.LVL3:
  96:Core/Src/freertos.c **** 
  83              		.loc 1 96 21 discriminator 1 view .LVU8
  84 000c 034B     		ldr	r3, .L8+8
  85 000e 1860     		str	r0, [r3]
 106:Core/Src/freertos.c **** 
  86              		.loc 1 106 1 view .LVU9
  87 0010 08BD     		pop	{r3, pc}
  88              	.L9:
  89 0012 00BF     		.align	2
  90              	.L8:
  91 0014 00000000 		.word	defaultTask_attributes
  92 0018 00000000 		.word	StartDefaultTask
  93 001c 00000000 		.word	defaultTaskHandle
  94              		.cfi_endproc
  95              	.LFE138:
  97              		.global	defaultTask_attributes
  98              		.section	.rodata.str1.4,"aMS",%progbits,1
  99              		.align	2
 100              	.LC0:
 101 0000 64656661 		.ascii	"defaultTask\000"
 101      756C7454 
 101      61736B00 
ARM GAS  C:\Users\KETEN_~1\AppData\Local\Temp\ccVjFPg5.s 			page 5


 102              		.section	.rodata.defaultTask_attributes,"a"
 103              		.align	2
 106              	defaultTask_attributes:
 107 0000 00000000 		.word	.LC0
 108 0004 00000000 		.space	16
 108      00000000 
 108      00000000 
 108      00000000 
 109 0014 00020000 		.word	512
 110 0018 18000000 		.word	24
 111 001c 00000000 		.space	8
 111      00000000 
 112              		.global	defaultTaskHandle
 113              		.section	.bss.defaultTaskHandle,"aw",%nobits
 114              		.align	2
 117              	defaultTaskHandle:
 118 0000 00000000 		.space	4
 119              		.text
 120              	.Letext0:
 121              		.file 2 "C:/msys64/mingw64/arm-none-eabi/include/machine/_default_types.h"
 122              		.file 3 "C:/msys64/mingw64/arm-none-eabi/include/sys/_stdint.h"
 123              		.file 4 "Middlewares/Third_Party/FreeRTOS/Source/CMSIS_RTOS_V2/cmsis_os2.h"
ARM GAS  C:\Users\KETEN_~1\AppData\Local\Temp\ccVjFPg5.s 			page 6


DEFINED SYMBOLS
                            *ABS*:00000000 freertos.c
C:\Users\KETEN_~1\AppData\Local\Temp\ccVjFPg5.s:21     .text.StartDefaultTask:00000000 $t
C:\Users\KETEN_~1\AppData\Local\Temp\ccVjFPg5.s:27     .text.StartDefaultTask:00000000 StartDefaultTask
C:\Users\KETEN_~1\AppData\Local\Temp\ccVjFPg5.s:54     .text.StartDefaultTask:0000000c $d
C:\Users\KETEN_~1\AppData\Local\Temp\ccVjFPg5.s:117    .bss.defaultTaskHandle:00000000 defaultTaskHandle
C:\Users\KETEN_~1\AppData\Local\Temp\ccVjFPg5.s:59     .text.MX_FREERTOS_Init:00000000 $t
C:\Users\KETEN_~1\AppData\Local\Temp\ccVjFPg5.s:65     .text.MX_FREERTOS_Init:00000000 MX_FREERTOS_Init
C:\Users\KETEN_~1\AppData\Local\Temp\ccVjFPg5.s:91     .text.MX_FREERTOS_Init:00000014 $d
C:\Users\KETEN_~1\AppData\Local\Temp\ccVjFPg5.s:106    .rodata.defaultTask_attributes:00000000 defaultTask_attributes
C:\Users\KETEN_~1\AppData\Local\Temp\ccVjFPg5.s:99     .rodata.str1.4:00000000 $d
C:\Users\KETEN_~1\AppData\Local\Temp\ccVjFPg5.s:103    .rodata.defaultTask_attributes:00000000 $d
C:\Users\KETEN_~1\AppData\Local\Temp\ccVjFPg5.s:114    .bss.defaultTaskHandle:00000000 $d

UNDEFINED SYMBOLS
osThreadTerminate
osThreadNew
